# JRE version: Java(TM) SE Runtime Environment (8.0_131-b11) (build 1.8.0_131-b11)
# Java VM: Java HotSpot(TM) 64-Bit Server VM (25.131-b11 mixed mode bsd-amd64 compressed oops)
Heap:
 PSYoungGen      total 227840K, used 91008K [0x0000000795580000, 0x00000007a4180000, 0x00000007c0000000)
  eden space 223744K, 39% used [0x0000000795580000,0x000000079ab4a728,0x00000007a3000000)
  from space 4096K, 77% used [0x00000007a3400000,0x00000007a3715ab0,0x00000007a3800000)
  to   space 4096K, 0% used [0x00000007a3000000,0x00000007a3000000,0x00000007a3400000)
 ParOldGen       total 87552K, used 35309K [0x0000000740000000, 0x0000000745580000, 0x0000000795580000)
  object space 87552K, 40% used [0x0000000740000000,0x000000074227b460,0x0000000745580000)
 Metaspace       used 18323K, capacity 19546K, committed 19712K, reserved 1067008K
  class space    used 2530K, capacity 2766K, committed 2816K, reserved 1048576K
GC Heap History (10 events):
Event: 41.174 GC heap before
{Heap before GC invocations=70 (full 0):
 PSYoungGen      total 137728K, used 137230K [0x0000000795580000, 0x00000007a1d00000, 0x00000007c0000000)
  eden space 134144K, 100% used [0x0000000795580000,0x000000079d880000,0x000000079d880000)
  from space 3584K, 86% used [0x00000007a1780000,0x00000007a1a83940,0x00000007a1b00000)
  to   space 2048K, 0% used [0x00000007a1b00000,0x00000007a1b00000,0x00000007a1d00000)
 ParOldGen       total 87552K, used 31376K [0x0000000740000000, 0x0000000745580000, 0x0000000795580000)
  object space 87552K, 35% used [0x0000000740000000,0x0000000741ea42c8,0x0000000745580000)
 Metaspace       used 18299K, capacity 19442K, committed 19712K, reserved 1067008K
  class space    used 2526K, capacity 2760K, committed 2816K, reserved 1048576K
Event: 41.179 GC heap after
Heap after GC invocations=70 (full 0):
 PSYoungGen      total 131072K, used 2035K [0x0000000795580000, 0x00000007a1d00000, 0x00000007c0000000)
  eden space 129024K, 0% used [0x0000000795580000,0x0000000795580000,0x000000079d380000)
  from space 2048K, 99% used [0x00000007a1b00000,0x00000007a1cfcef0,0x00000007a1d00000)
  to   space 3584K, 0% used [0x00000007a1600000,0x00000007a1600000,0x00000007a1980000)
 ParOldGen       total 87552K, used 31878K [0x0000000740000000, 0x0000000745580000, 0x0000000795580000)
  object space 87552K, 36% used [0x0000000740000000,0x0000000741f218b8,0x0000000745580000)
 Metaspace       used 18299K, capacity 19442K, committed 19712K, reserved 1067008K
  class space    used 2526K, capacity 2760K, committed 2816K, reserved 1048576K
}
Event: 41.588 GC heap before
{Heap before GC invocations=71 (full 0):
 PSYoungGen      total 131072K, used 131059K [0x0000000795580000, 0x00000007a1d00000, 0x00000007c0000000)
  eden space 129024K, 100% used [0x0000000795580000,0x000000079d380000,0x000000079d380000)
  from space 2048K, 99% used [0x00000007a1b00000,0x00000007a1cfcef0,0x00000007a1d00000)
  to   space 3584K, 0% used [0x00000007a1600000,0x00000007a1600000,0x00000007a1980000)
 ParOldGen       total 87552K, used 31883K [0x0000000740000000, 0x0000000745580000, 0x0000000795580000)
  object space 87552K, 36% used [0x0000000740000000,0x0000000741f22e60,0x0000000745580000)
 Metaspace       used 18299K, capacity 19442K, committed 19712K, reserved 1067008K
  class space    used 2526K, capacity 2760K, committed 2816K, reserved 1048576K
Event: 41.596 GC heap after
Heap after GC invocations=71 (full 0):
 PSYoungGen      total 157696K, used 2243K [0x0000000795580000, 0x00000007a1b80000, 0x00000007c0000000)
  eden space 155136K, 0% used [0x0000000795580000,0x0000000795580000,0x000000079ed00000)
  from space 2560K, 87% used [0x00000007a1600000,0x00000007a1830fe0,0x00000007a1880000)
  to   space 3072K, 0% used [0x00000007a1880000,0x00000007a1880000,0x00000007a1b80000)
 ParOldGen       total 87552K, used 33997K [0x0000000740000000, 0x0000000745580000, 0x0000000795580000)
  object space 87552K, 38% used [0x0000000740000000,0x0000000742133590,0x0000000745580000)
 Metaspace       used 18299K, capacity 19442K, committed 19712K, reserved 1067008K
  class space    used 2526K, capacity 2760K, committed 2816K, reserved 1048576K
}
Event: 42.065 GC heap before
{Heap before GC invocations=72 (full 0):
 PSYoungGen      total 157696K, used 157379K [0x0000000795580000, 0x00000007a1b80000, 0x00000007c0000000)
  eden space 155136K, 100% used [0x0000000795580000,0x000000079ed00000,0x000000079ed00000)
  from space 2560K, 87% used [0x00000007a1600000,0x00000007a1830fe0,0x00000007a1880000)
  to   space 3072K, 0% used [0x00000007a1880000,0x00000007a1880000,0x00000007a1b80000)
 ParOldGen       total 87552K, used 33997K [0x0000000740000000, 0x0000000745580000, 0x0000000795580000)
  object space 87552K, 38% used [0x0000000740000000,0x0000000742133590,0x0000000745580000)
 Metaspace       used 18299K, capacity 19442K, committed 19712K, reserved 1067008K
  class space    used 2526K, capacity 2760K, committed 2816K, reserved 1048576K
Event: 42.069 GC heap after
Heap after GC invocations=72 (full 0):
 PSYoungGen      total 189440K, used 3061K [0x0000000795580000, 0x00000007a1b80000, 0x00000007c0000000)
  eden space 186368K, 0% used [0x0000000795580000,0x0000000795580000,0x00000007a0b80000)
  from space 3072K, 99% used [0x00000007a1880000,0x00000007a1b7d610,0x00000007a1b80000)
  to   space 4096K, 0% used [0x00000007a1380000,0x00000007a1380000,0x00000007a1780000)
 ParOldGen       total 87552K, used 34510K [0x0000000740000000, 0x0000000745580000, 0x0000000795580000)
  object space 87552K, 39% used [0x0000000740000000,0x00000007421b3830,0x0000000745580000)
 Metaspace       used 18299K, capacity 19442K, committed 19712K, reserved 1067008K
  class space    used 2526K, capacity 2760K, committed 2816K, reserved 1048576K
}
Event: 42.692 GC heap before
{Heap before GC invocations=73 (full 0):
 PSYoungGen      total 189440K, used 189429K [0x0000000795580000, 0x00000007a1b80000, 0x00000007c0000000)
  eden space 186368K, 100% used [0x0000000795580000,0x00000007a0b80000,0x00000007a0b80000)
  from space 3072K, 99% used [0x00000007a1880000,0x00000007a1b7d610,0x00000007a1b80000)
  to   space 4096K, 0% used [0x00000007a1380000,0x00000007a1380000,0x00000007a1780000)
 ParOldGen       total 87552K, used 34510K [0x0000000740000000, 0x0000000745580000, 0x0000000795580000)
  object space 87552K, 39% used [0x0000000740000000,0x00000007421b3830,0x0000000745580000)
 Metaspace       used 18301K, capacity 19450K, committed 19712K, reserved 1067008K
  class space    used 2526K, capacity 2760K, committed 2816K, reserved 1048576K
Event: 42.697 GC heap after
Heap after GC invocations=73 (full 0):
 PSYoungGen      total 198656K, used 2925K [0x0000000795580000, 0x00000007a3800000, 0x00000007c0000000)
  eden space 194560K, 0% used [0x0000000795580000,0x0000000795580000,0x00000007a1380000)
  from space 4096K, 71% used [0x00000007a1380000,0x00000007a165b5d0,0x00000007a1780000)
  to   space 4096K, 0% used [0x00000007a3400000,0x00000007a3400000,0x00000007a3800000)
 ParOldGen       total 87552K, used 35285K [0x0000000740000000, 0x0000000745580000, 0x0000000795580000)
  object space 87552K, 40% used [0x0000000740000000,0x0000000742275460,0x0000000745580000)
 Metaspace       used 18301K, capacity 19450K, committed 19712K, reserved 1067008K
  class space    used 2526K, capacity 2760K, committed 2816K, reserved 1048576K
}
Event: 43.328 GC heap before
{Heap before GC invocations=74 (full 0):
 PSYoungGen      total 198656K, used 197485K [0x0000000795580000, 0x00000007a3800000, 0x00000007c0000000)
  eden space 194560K, 100% used [0x0000000795580000,0x00000007a1380000,0x00000007a1380000)
  from space 4096K, 71% used [0x00000007a1380000,0x00000007a165b5d0,0x00000007a1780000)
  to   space 4096K, 0% used [0x00000007a3400000,0x00000007a3400000,0x00000007a3800000)
 ParOldGen       total 87552K, used 35285K [0x0000000740000000, 0x0000000745580000, 0x0000000795580000)
  object space 87552K, 40% used [0x0000000740000000,0x0000000742275460,0x0000000745580000)
 Metaspace       used 18307K, capacity 19514K, committed 19712K, reserved 1067008K
  class space    used 2526K, capacity 2760K, committed 2816K, reserved 1048576K
Event: 43.334 GC heap after
Heap after GC invocations=74 (full 0):
 PSYoungGen      total 227840K, used 3158K [0x0000000795580000, 0x00000007a4180000, 0x00000007c0000000)
  eden space 223744K, 0% used [0x0000000795580000,0x0000000795580000,0x00000007a3000000)
  from space 4096K, 77% used [0x00000007a3400000,0x00000007a3715ab0,0x00000007a3800000)
  to   space 4096K, 0% used [0x00000007a3000000,0x00000007a3000000,0x00000007a3400000)
 ParOldGen       total 87552K, used 35309K [0x0000000740000000, 0x0000000745580000, 0x0000000795580000)
  object space 87552K, 40% used [0x0000000740000000,0x000000074227b460,0x0000000745580000)
 Metaspace       used 18307K, capacity 19514K, committed 19712K, reserved 1067008K
  class space    used 2526K, capacity 2760K, committed 2816K, reserved 1048576K
}

